2018-04-03T03:28:06.440Z - error: uncaughtException: Cannot find module 'express' date=Tue Apr 03 2018 00:28:06 GMT-0300 (-03), pid=16165, uid=1000, gid=1000, cwd=/home/xxx/educacionit, execPath=/usr/bin/node, version=v8.9.0, argv=[/usr/bin/node, /home/xxx/educacionit/server.js], rss=33316864, heapTotal=10854400, heapUsed=6500056, external=126650, loadavg=[0.298828125, 0.2763671875, 0.19873046875], uptime=40135
Error: Cannot find module 'express'
    at Function.Module._resolveFilename (module.js:536:15)
    at Function.Module._load (module.js:466:25)
    at Module.require (module.js:579:17)
    at require (internal/module.js:11:18)
    at Object.<anonymous> (/home/xxx/educacionit/app/createExpressApp.js:1:79)
    at Module._compile (module.js:635:30)
    at Object.Module._extensions..js (module.js:646:10)
    at Module.load (module.js:554:32)
    at tryModuleLoad (module.js:497:12)
    at Function.Module._load (module.js:489:3)
2018-04-03T03:28:20.974Z - error: uncaughtException: Cannot find module 'express-winston' date=Tue Apr 03 2018 00:28:20 GMT-0300 (-03), pid=16202, uid=1000, gid=1000, cwd=/home/xxx/educacionit, execPath=/usr/bin/node, version=v8.9.0, argv=[/usr/bin/node, /home/xxx/educacionit/server.js], rss=38289408, heapTotal=18194432, heapUsed=9548800, external=119487, loadavg=[0.7001953125, 0.36181640625, 0.2275390625], uptime=40150
Error: Cannot find module 'express-winston'
    at Function.Module._resolveFilename (module.js:536:15)
    at Function.Module._load (module.js:466:25)
    at Module.require (module.js:579:17)
    at require (internal/module.js:11:18)
    at Object.<anonymous> (/home/xxx/educacionit/app/createExpressApp.js:3:24)
    at Module._compile (module.js:635:30)
    at Object.Module._extensions..js (module.js:646:10)
    at Module.load (module.js:554:32)
    at tryModuleLoad (module.js:497:12)
    at Function.Module._load (module.js:489:3)
2018-04-03T03:28:34.119Z - error: uncaughtException: Cannot find module 'glob' date=Tue Apr 03 2018 00:28:34 GMT-0300 (-03), pid=16239, uid=1000, gid=1000, cwd=/home/xxx/educacionit, execPath=/usr/bin/node, version=v8.9.0, argv=[/usr/bin/node, /home/xxx/educacionit/server.js], rss=42450944, heapTotal=20897792, heapUsed=13101136, external=680679, loadavg=[0.54443359375, 0.34326171875, 0.22314453125], uptime=40163
Error: Cannot find module 'glob'
    at Function.Module._resolveFilename (module.js:536:15)
    at Function.Module._load (module.js:466:25)
    at Module.require (module.js:579:17)
    at require (internal/module.js:11:18)
    at Object.<anonymous> (/home/xxx/educacionit/app/api/createApiRouter.js:1:76)
    at Module._compile (module.js:635:30)
    at Object.Module._extensions..js (module.js:646:10)
    at Module.load (module.js:554:32)
    at tryModuleLoad (module.js:497:12)
    at Function.Module._load (module.js:489:3)
2018-04-03T03:28:46.642Z - error: uncaughtException: database is not defined date=Tue Apr 03 2018 00:28:46 GMT-0300 (-03), pid=16270, uid=1000, gid=1000, cwd=/home/xxx/educacionit, execPath=/usr/bin/node, version=v8.9.0, argv=[/usr/bin/node, /home/xxx/educacionit/server.js], rss=43298816, heapTotal=20897792, heapUsed=13912904, external=756962, loadavg=[0.61474609375, 0.365234375, 0.23193359375], uptime=40176
ReferenceError: database is not defined
    at Object.<anonymous> (/home/xxx/educacionit/server.js:11:5)
    at Module._compile (module.js:635:30)
    at Object.Module._extensions..js (module.js:646:10)
    at Module.load (module.js:554:32)
    at tryModuleLoad (module.js:497:12)
    at Function.Module._load (module.js:489:3)
    at Function.Module.runMain (module.js:676:10)
    at startup (bootstrap_node.js:187:16)
    at bootstrap_node.js:608:3
2018-04-03T03:29:06.765Z - info: Listening on port 8080
2018-04-03T03:29:29.219Z - info: 200 GET /api/v1/alumnos 4ms
2018-04-03T03:29:29.243Z - info: 404 GET /favicon.ico 3ms
2018-04-03T03:32:14.373Z - error: uncaughtException: missing ) after argument list date=Tue Apr 03 2018 00:32:14 GMT-0300 (-03), pid=16388, uid=1000, gid=1000, cwd=/home/xxx/educacionit, execPath=/usr/bin/node, version=v8.9.0, argv=[/usr/bin/node, /home/xxx/educacionit/server.js], rss=42586112, heapTotal=20897792, heapUsed=13112600, external=680679, loadavg=[0.19384765625, 0.2548828125, 0.2041015625], uptime=40383
/home/xxx/educacionit/app/api/createApiRouter.js:5
.map(filename => require(`./${filename}`)])
                                        ^

SyntaxError: missing ) after argument list
    at createScript (vm.js:80:10)
    at Object.runInThisContext (vm.js:139:10)
    at Module._compile (module.js:599:28)
    at Object.Module._extensions..js (module.js:646:10)
    at Module.load (module.js:554:32)
    at tryModuleLoad (module.js:497:12)
    at Function.Module._load (module.js:489:3)
    at Module.require (module.js:579:17)
    at require (internal/module.js:11:18)
    at Object.<anonymous> (/home/xxx/educacionit/app/createExpressApp.js:4:19)
2018-04-03T03:32:39.589Z - info: Listening on port 8080
2018-04-03T03:32:43.821Z - info: 304 GET /api/v1/alumnos 3ms
2018-04-03T03:32:44.841Z - info: 304 GET /api/v1/alumnos 1ms
2018-04-03T03:32:45.629Z - info: 304 GET /api/v1/alumnos 0ms
2018-04-03T03:40:13.465Z - error: uncaughtException: missing ) after argument list date=Tue Apr 03 2018 00:40:13 GMT-0300 (-03), pid=16642, uid=1000, gid=1000, cwd=/home/xxx/educacionit, execPath=/usr/bin/node, version=v8.9.0, argv=[/usr/bin/node, /home/xxx/educacionit/server.js], rss=33427456, heapTotal=10854400, heapUsed=6515528, external=126650, loadavg=[0.5751953125, 0.3916015625, 0.27685546875], uptime=40862
/home/xxx/educacionit/app/createExpressApp.js:29
    })
     ^

SyntaxError: missing ) after argument list
    at createScript (vm.js:80:10)
    at Object.runInThisContext (vm.js:139:10)
    at Module._compile (module.js:599:28)
    at Object.Module._extensions..js (module.js:646:10)
    at Module.load (module.js:554:32)
    at tryModuleLoad (module.js:497:12)
    at Function.Module._load (module.js:489:3)
    at Module.require (module.js:579:17)
    at require (internal/module.js:11:18)
    at Object.<anonymous> (/home/xxx/educacionit/server.js:6:26)
2018-04-03T03:40:36.401Z - info: Listening on port 8080
2018-04-03T03:40:56.127Z - info: 304 GET /api/v1/alumnos 6ms
2018-04-03T03:41:03.367Z - info: 200 GET / 7ms
2018-04-03T03:42:12.045Z - info: 404 GET /v1/yyy 3ms
2018-04-03T04:17:14.179Z - info: Listening on port 8080
2018-04-03T04:54:04.604Z - error: uncaughtException: missing ) after argument list date=Tue Apr 03 2018 01:54:04 GMT-0300 (-03), pid=18487, uid=1000, gid=1000, cwd=/home/xxx/educacionit, execPath=/usr/bin/node, version=v8.9.0, argv=[/usr/bin/node, /home/xxx/educacionit/server.js], rss=33443840, heapTotal=10854400, heapUsed=6517024, external=118458, loadavg=[0.08740234375, 0.17041015625, 0.2265625], uptime=45294
/home/xxx/educacionit/database/createDatabase.js:23
}
^

SyntaxError: missing ) after argument list
    at createScript (vm.js:80:10)
    at Object.runInThisContext (vm.js:139:10)
    at Module._compile (module.js:599:28)
    at Object.Module._extensions..js (module.js:646:10)
    at Module.load (module.js:554:32)
    at tryModuleLoad (module.js:497:12)
    at Function.Module._load (module.js:489:3)
    at Module.require (module.js:579:17)
    at require (internal/module.js:11:18)
    at Object.<anonymous> (/home/xxx/educacionit/server.js:6:24)
2018-04-03T04:57:42.305Z - error: uncaughtException: missing ) after argument list date=Tue Apr 03 2018 01:57:42 GMT-0300 (-03), pid=18564, uid=1000, gid=1000, cwd=/home/xxx/educacionit, execPath=/usr/bin/node, version=v8.9.0, argv=[/usr/bin/node, /home/xxx/educacionit/server.js], rss=33345536, heapTotal=10854400, heapUsed=6515160, external=118458, loadavg=[0.27099609375, 0.2197265625, 0.22998046875], uptime=45511
/home/xxx/educacionit/database/createDatabase.js:19
    }, {});
         ^

SyntaxError: missing ) after argument list
    at createScript (vm.js:80:10)
    at Object.runInThisContext (vm.js:139:10)
    at Module._compile (module.js:599:28)
    at Object.Module._extensions..js (module.js:646:10)
    at Module.load (module.js:554:32)
    at tryModuleLoad (module.js:497:12)
    at Function.Module._load (module.js:489:3)
    at Module.require (module.js:579:17)
    at require (internal/module.js:11:18)
    at Object.<anonymous> (/home/xxx/educacionit/server.js:6:24)
2018-04-03T04:58:42.575Z - error: uncaughtException: missing ) after argument list date=Tue Apr 03 2018 01:58:42 GMT-0300 (-03), pid=18603, uid=1000, gid=1000, cwd=/home/xxx/educacionit, execPath=/usr/bin/node, version=v8.9.0, argv=[/usr/bin/node, /home/xxx/educacionit/server.js], rss=33435648, heapTotal=10854400, heapUsed=6514768, external=118458, loadavg=[0.21630859375, 0.2216796875, 0.22998046875], uptime=45572
/home/xxx/educacionit/database/createDatabase.js:15
    .map(({name, schema}) => mongoose.model(name, schema))
                                                         ^

SyntaxError: missing ) after argument list
    at createScript (vm.js:80:10)
    at Object.runInThisContext (vm.js:139:10)
    at Module._compile (module.js:599:28)
    at Object.Module._extensions..js (module.js:646:10)
    at Module.load (module.js:554:32)
    at tryModuleLoad (module.js:497:12)
    at Function.Module._load (module.js:489:3)
    at Module.require (module.js:579:17)
    at require (internal/module.js:11:18)
    at Object.<anonymous> (/home/xxx/educacionit/server.js:6:24)
2018-04-03T04:58:59.416Z - error: uncaughtException: missing ) after argument list date=Tue Apr 03 2018 01:58:59 GMT-0300 (-03), pid=18632, uid=1000, gid=1000, cwd=/home/xxx/educacionit, execPath=/usr/bin/node, version=v8.9.0, argv=[/usr/bin/node, /home/xxx/educacionit/server.js], rss=33366016, heapTotal=10854400, heapUsed=6514120, external=118458, loadavg=[0.23583984375, 0.22705078125, 0.2314453125], uptime=45588
/home/xxx/educacionit/database/createDatabase.js:14
    })
     ^

SyntaxError: missing ) after argument list
    at createScript (vm.js:80:10)
    at Object.runInThisContext (vm.js:139:10)
    at Module._compile (module.js:599:28)
    at Object.Module._extensions..js (module.js:646:10)
    at Module.load (module.js:554:32)
    at tryModuleLoad (module.js:497:12)
    at Function.Module._load (module.js:489:3)
    at Module.require (module.js:579:17)
    at require (internal/module.js:11:18)
    at Object.<anonymous> (/home/xxx/educacionit/server.js:6:24)
2018-04-03T04:59:15.979Z - error: uncaughtException: Cannot find module 'mongoose' date=Tue Apr 03 2018 01:59:15 GMT-0300 (-03), pid=18664, uid=1000, gid=1000, cwd=/home/xxx/educacionit, execPath=/usr/bin/node, version=v8.9.0, argv=[/usr/bin/node, /home/xxx/educacionit/server.js], rss=33112064, heapTotal=10330112, heapUsed=6237160, external=118458, loadavg=[0.18310546875, 0.21533203125, 0.22705078125], uptime=45605
Error: Cannot find module 'mongoose'
    at Function.Module._resolveFilename (module.js:536:15)
    at Function.Module._load (module.js:466:25)
    at Module.require (module.js:579:17)
    at require (internal/module.js:11:18)
    at Object.<anonymous> (/home/xxx/educacionit/database/createDatabase.js:1:80)
    at Module._compile (module.js:635:30)
    at Object.Module._extensions..js (module.js:646:10)
    at Module.load (module.js:554:32)
    at tryModuleLoad (module.js:497:12)
    at Function.Module._load (module.js:489:3)
2018-04-03T04:59:37.365Z - error: uncaughtException: Cannot find module 'mongoose' date=Tue Apr 03 2018 01:59:37 GMT-0300 (-03), pid=18712, uid=1000, gid=1000, cwd=/home/xxx/educacionit, execPath=/usr/bin/node, version=v8.9.0, argv=[/usr/bin/node, /home/xxx/educacionit/server.js], rss=33353728, heapTotal=10854400, heapUsed=6499368, external=118458, loadavg=[0.57080078125, 0.29638671875, 0.25341796875], uptime=45626
Error: Cannot find module 'mongoose'
    at Function.Module._resolveFilename (module.js:536:15)
    at Function.Module._load (module.js:466:25)
    at Module.require (module.js:579:17)
    at require (internal/module.js:11:18)
    at Object.<anonymous> (/home/xxx/educacionit/database/createDatabase.js:1:80)
    at Module._compile (module.js:635:30)
    at Object.Module._extensions..js (module.js:646:10)
    at Module.load (module.js:554:32)
    at tryModuleLoad (module.js:497:12)
    at Function.Module._load (module.js:489:3)
2018-04-03T05:00:14.036Z - info: Listening on port 8080
2018-04-03T05:00:14.054Z - error:  MongoNetworkError: failed to connect to server [localhost:27017] on first connect [MongoNetworkError: connect ECONNREFUSED 127.0.0.1:27017]
    at Pool.<anonymous> (/home/xxx/educacionit/node_modules/mongodb-core/lib/topologies/server.js:503:11)
    at emitOne (events.js:116:13)
    at Pool.emit (events.js:211:7)
    at Connection.<anonymous> (/home/xxx/educacionit/node_modules/mongodb-core/lib/connection/pool.js:326:12)
    at Object.onceWrapper (events.js:317:30)
    at emitTwo (events.js:126:13)
    at Connection.emit (events.js:214:7)
    at Socket.<anonymous> (/home/xxx/educacionit/node_modules/mongodb-core/lib/connection/connection.js:245:50)
    at Object.onceWrapper (events.js:315:30)
    at emitOne (events.js:116:13)
    at Socket.emit (events.js:211:7)
    at emitErrorNT (internal/streams/destroy.js:64:8)
    at _combinedTickCallback (internal/process/next_tick.js:138:11)
    at process._tickCallback (internal/process/next_tick.js:180:9)
2018-04-03T05:02:13.576Z - info: Listening on port 8080
2018-04-03T05:02:13.621Z - error:  Error: querySrv ENOTFOUND _mongodb._tcp.cluster0.mongodb.net
    at errnoException (dns.js:50:10)
    at QueryReqWrap.onresolve [as oncomplete] (dns.js:238:19)
2018-04-03T05:04:00.471Z - info: Listening on port 8080
2018-04-03T05:04:01.739Z - info: MongoDB connected at mongodb+srv://educacionit-vwgqz.mongodb.net/test
2018-04-03T05:05:00.775Z - error: uncaughtException: Unexpected token throw date=Tue Apr 03 2018 02:05:00 GMT-0300 (-03), pid=18928, uid=1000, gid=1000, cwd=/home/xxx/educacionit, execPath=/usr/bin/node, version=v8.9.0, argv=[/usr/bin/node, /home/xxx/educacionit/server.js], rss=33460224, heapTotal=10854400, heapUsed=6514080, external=118458, loadavg=[0.2060546875, 0.32177734375, 0.28125], uptime=45950
/home/xxx/educacionit/database/createDatabase.js:23
    .on('error', error => throw error)
                          ^^^^^

SyntaxError: Unexpected token throw
    at createScript (vm.js:80:10)
    at Object.runInThisContext (vm.js:139:10)
    at Module._compile (module.js:599:28)
    at Object.Module._extensions..js (module.js:646:10)
    at Module.load (module.js:554:32)
    at tryModuleLoad (module.js:497:12)
    at Function.Module._load (module.js:489:3)
    at Module.require (module.js:579:17)
    at require (internal/module.js:11:18)
    at Object.<anonymous> (/home/xxx/educacionit/server.js:6:24)
2018-04-03T05:05:24.794Z - info: Listening on port 8080
2018-04-03T05:05:24.814Z - error: uncaughtException: failed to connect to server [localhost:27017] on first connect [MongoNetworkError: connect ECONNREFUSED 127.0.0.1:27017] date=Tue Apr 03 2018 02:05:24 GMT-0300 (-03), pid=18964, uid=1000, gid=1000, cwd=/home/xxx/educacionit, execPath=/usr/bin/node, version=v8.9.0, argv=[/usr/bin/node, /home/xxx/educacionit/server.js], rss=56569856, heapTotal=35012608, heapUsed=18021256, external=19013034, loadavg=[0.35791015625, 0.34521484375, 0.28857421875], uptime=45974
MongoNetworkError: failed to connect to server [localhost:27017] on first connect [MongoNetworkError: connect ECONNREFUSED 127.0.0.1:27017]
    at Pool.<anonymous> (/home/xxx/educacionit/node_modules/mongodb-core/lib/topologies/server.js:503:11)
    at emitOne (events.js:116:13)
    at Pool.emit (events.js:211:7)
    at Connection.<anonymous> (/home/xxx/educacionit/node_modules/mongodb-core/lib/connection/pool.js:326:12)
    at Object.onceWrapper (events.js:317:30)
    at emitTwo (events.js:126:13)
    at Connection.emit (events.js:214:7)
    at Socket.<anonymous> (/home/xxx/educacionit/node_modules/mongodb-core/lib/connection/connection.js:245:50)
    at Object.onceWrapper (events.js:315:30)
    at emitOne (events.js:116:13)
    at Socket.emit (events.js:211:7)
    at emitErrorNT (internal/streams/destroy.js:64:8)
    at _combinedTickCallback (internal/process/next_tick.js:138:11)
    at process._tickCallback (internal/process/next_tick.js:180:9)
2018-04-03T05:08:02.333Z - info: Listening on port 8080
2018-04-03T05:08:02.351Z - error:  MongoNetworkError: failed to connect to server [localhost:27017] on first connect [MongoNetworkError: connect ECONNREFUSED 127.0.0.1:27017]
    at Pool.<anonymous> (/home/xxx/educacionit/node_modules/mongodb-core/lib/topologies/server.js:503:11)
    at emitOne (events.js:116:13)
    at Pool.emit (events.js:211:7)
    at Connection.<anonymous> (/home/xxx/educacionit/node_modules/mongodb-core/lib/connection/pool.js:326:12)
    at Object.onceWrapper (events.js:317:30)
    at emitTwo (events.js:126:13)
    at Connection.emit (events.js:214:7)
    at Socket.<anonymous> (/home/xxx/educacionit/node_modules/mongodb-core/lib/connection/connection.js:245:50)
    at Object.onceWrapper (events.js:315:30)
    at emitOne (events.js:116:13)
    at Socket.emit (events.js:211:7)
    at emitErrorNT (internal/streams/destroy.js:64:8)
    at _combinedTickCallback (internal/process/next_tick.js:138:11)
    at process._tickCallback (internal/process/next_tick.js:180:9)
2018-04-03T05:08:02.353Z - error: uncaughtException: failed to connect to server [localhost:27017] on first connect [MongoNetworkError: connect ECONNREFUSED 127.0.0.1:27017] date=Tue Apr 03 2018 02:08:02 GMT-0300 (-03), pid=19034, uid=1000, gid=1000, cwd=/home/xxx/educacionit, execPath=/usr/bin/node, version=v8.9.0, argv=[/usr/bin/node, /home/xxx/educacionit/server.js], rss=56827904, heapTotal=34488320, heapUsed=18144944, external=19013034, loadavg=[0.4072265625, 0.32958984375, 0.28369140625], uptime=46131
MongoNetworkError: failed to connect to server [localhost:27017] on first connect [MongoNetworkError: connect ECONNREFUSED 127.0.0.1:27017]
    at Pool.<anonymous> (/home/xxx/educacionit/node_modules/mongodb-core/lib/topologies/server.js:503:11)
    at emitOne (events.js:116:13)
    at Pool.emit (events.js:211:7)
    at Connection.<anonymous> (/home/xxx/educacionit/node_modules/mongodb-core/lib/connection/pool.js:326:12)
    at Object.onceWrapper (events.js:317:30)
    at emitTwo (events.js:126:13)
    at Connection.emit (events.js:214:7)
    at Socket.<anonymous> (/home/xxx/educacionit/node_modules/mongodb-core/lib/connection/connection.js:245:50)
    at Object.onceWrapper (events.js:315:30)
    at emitOne (events.js:116:13)
    at Socket.emit (events.js:211:7)
    at emitErrorNT (internal/streams/destroy.js:64:8)
    at _combinedTickCallback (internal/process/next_tick.js:138:11)
    at process._tickCallback (internal/process/next_tick.js:180:9)
2018-04-03T05:09:32.086Z - error: uncaughtException: Identifier 'url' has already been declared date=Tue Apr 03 2018 02:09:32 GMT-0300 (-03), pid=19149, uid=1000, gid=1000, cwd=/home/xxx/educacionit, execPath=/usr/bin/node, version=v8.9.0, argv=[/usr/bin/node, /home/xxx/educacionit/server.js], rss=33341440, heapTotal=10854400, heapUsed=6514144, external=118458, loadavg=[0.357421875, 0.3525390625, 0.2939453125], uptime=46221
/home/xxx/educacionit/database/createDatabase.js:5
const url = 'mongodb+srv://educacionit-vwgqz.mongodb.net/test'
      ^

SyntaxError: Identifier 'url' has already been declared
    at createScript (vm.js:80:10)
    at Object.runInThisContext (vm.js:139:10)
    at Module._compile (module.js:599:28)
    at Object.Module._extensions..js (module.js:646:10)
    at Module.load (module.js:554:32)
    at tryModuleLoad (module.js:497:12)
    at Function.Module._load (module.js:489:3)
    at Module.require (module.js:579:17)
    at require (internal/module.js:11:18)
    at Object.<anonymous> (/home/xxx/educacionit/server.js:6:24)
2018-04-03T05:09:56.393Z - info: Listening on port 8080
2018-04-03T05:10:17.347Z - error: uncaughtException: missing ) after argument list date=Tue Apr 03 2018 02:10:17 GMT-0300 (-03), pid=19209, uid=1000, gid=1000, cwd=/home/xxx/educacionit, execPath=/usr/bin/node, version=v8.9.0, argv=[/usr/bin/node, /home/xxx/educacionit/server.js], rss=33386496, heapTotal=10854400, heapUsed=6514312, external=118458, loadavg=[0.16748046875, 0.3017578125, 0.2763671875], uptime=46266
/home/xxx/educacionit/database/createDatabase.js:15
    })
     ^

SyntaxError: missing ) after argument list
    at createScript (vm.js:80:10)
    at Object.runInThisContext (vm.js:139:10)
    at Module._compile (module.js:599:28)
    at Object.Module._extensions..js (module.js:646:10)
    at Module.load (module.js:554:32)
    at tryModuleLoad (module.js:497:12)
    at Function.Module._load (module.js:489:3)
    at Module.require (module.js:579:17)
    at require (internal/module.js:11:18)
    at Object.<anonymous> (/home/xxx/educacionit/server.js:6:24)
2018-04-03T05:11:34.521Z - error: uncaughtException: missing ) after argument list date=Tue Apr 03 2018 02:11:34 GMT-0300 (-03), pid=19262, uid=1000, gid=1000, cwd=/home/xxx/educacionit, execPath=/usr/bin/node, version=v8.9.0, argv=[/usr/bin/node, /home/xxx/educacionit/server.js], rss=33398784, heapTotal=10854400, heapUsed=6514368, external=118458, loadavg=[0.11767578125, 0.255859375, 0.26220703125], uptime=46343
/home/xxx/educacionit/database/createDatabase.js:17
    }
    ^

SyntaxError: missing ) after argument list
    at createScript (vm.js:80:10)
    at Object.runInThisContext (vm.js:139:10)
    at Module._compile (module.js:599:28)
    at Object.Module._extensions..js (module.js:646:10)
    at Module.load (module.js:554:32)
    at tryModuleLoad (module.js:497:12)
    at Function.Module._load (module.js:489:3)
    at Module.require (module.js:579:17)
    at require (internal/module.js:11:18)
    at Object.<anonymous> (/home/xxx/educacionit/server.js:6:24)
2018-04-03T05:11:48.224Z - error: uncaughtException: mongoose is not defined date=Tue Apr 03 2018 02:11:48 GMT-0300 (-03), pid=19289, uid=1000, gid=1000, cwd=/home/xxx/educacionit, execPath=/usr/bin/node, version=v8.9.0, argv=[/usr/bin/node, /home/xxx/educacionit/server.js], rss=56881152, heapTotal=34529280, heapUsed=23880144, external=19013034, loadavg=[0.0908203125, 0.24267578125, 0.2578125], uptime=46357
ReferenceError: mongoose is not defined
    at Object.<anonymous> (/home/xxx/educacionit/database/schemas/Alumno.js:1:80)
    at Module._compile (module.js:635:30)
    at Object.Module._extensions..js (module.js:646:10)
    at Module.load (module.js:554:32)
    at tryModuleLoad (module.js:497:12)
    at Function.Module._load (module.js:489:3)
    at Module.require (module.js:579:17)
    at require (internal/module.js:11:18)
    at glob.sync.map.filename (/home/xxx/educacionit/database/createDatabase.js:15:21)
    at Array.map (<anonymous>)
    at module.exports (/home/xxx/educacionit/database/createDatabase.js:12:6)
    at Object.<anonymous> (/home/xxx/educacionit/server.js:9:18)
    at Module._compile (module.js:635:30)
    at Object.Module._extensions..js (module.js:646:10)
    at Module.load (module.js:554:32)
    at tryModuleLoad (module.js:497:12)
2018-04-03T05:12:23.335Z - error: uncaughtException: Unexpected token . date=Tue Apr 03 2018 02:12:23 GMT-0300 (-03), pid=19324, uid=1000, gid=1000, cwd=/home/xxx/educacionit, execPath=/usr/bin/node, version=v8.9.0, argv=[/usr/bin/node, /home/xxx/educacionit/server.js], rss=33341440, heapTotal=10854400, heapUsed=6514104, external=118458, loadavg=[0.0498046875, 0.21435546875, 0.24755859375], uptime=46392
/home/xxx/educacionit/database/createDatabase.js:11
/*    const db = glob.sync('./schemas/**/*.js', { cwd: __dirname })
                                          ^

SyntaxError: Unexpected token .
    at createScript (vm.js:80:10)
    at Object.runInThisContext (vm.js:139:10)
    at Module._compile (module.js:599:28)
    at Object.Module._extensions..js (module.js:646:10)
    at Module.load (module.js:554:32)
    at tryModuleLoad (module.js:497:12)
    at Function.Module._load (module.js:489:3)
    at Module.require (module.js:579:17)
    at require (internal/module.js:11:18)
    at Object.<anonymous> (/home/xxx/educacionit/server.js:6:24)
2018-04-03T05:12:37.896Z - info: Listening on port 8080
2018-04-03T05:12:38.968Z - info: MongoDB connected at mongodb+srv://educacionit-vwgqz.mongodb.net/test
2018-04-03T05:13:25.961Z - info: Listening on [object Object] port 8080
2018-04-03T05:13:26.890Z - info: MongoDB connected at mongodb+srv://educacionit-vwgqz.mongodb.net/test
2018-04-03T05:14:14.190Z - info: Listening on address,family,port port 8080
2018-04-03T05:14:15.225Z - info: MongoDB connected at mongodb+srv://educacionit-vwgqz.mongodb.net/test
2018-04-03T05:14:47.942Z - info: Listening on IPv6 port 8080
2018-04-03T05:14:49.016Z - info: MongoDB connected at mongodb+srv://educacionit-vwgqz.mongodb.net/test
2018-04-03T05:15:02.214Z - info: Listening on :: port 8080
2018-04-03T05:15:03.357Z - info: MongoDB connected at mongodb+srv://educacionit-vwgqz.mongodb.net/test
2018-04-03T05:15:43.733Z - error: uncaughtException: mongoose is not defined date=Tue Apr 03 2018 02:15:43 GMT-0300 (-03), pid=19532, uid=1000, gid=1000, cwd=/home/xxx/educacionit, execPath=/usr/bin/node, version=v8.9.0, argv=[/usr/bin/node, /home/xxx/educacionit/server.js], rss=56868864, heapTotal=34529280, heapUsed=23880176, external=19013034, loadavg=[0.41162109375, 0.28271484375, 0.267578125], uptime=46593
ReferenceError: mongoose is not defined
    at Object.<anonymous> (/home/xxx/educacionit/database/schemas/Alumno.js:1:80)
    at Module._compile (module.js:635:30)
    at Object.Module._extensions..js (module.js:646:10)
    at Module.load (module.js:554:32)
    at tryModuleLoad (module.js:497:12)
    at Function.Module._load (module.js:489:3)
    at Module.require (module.js:579:17)
    at require (internal/module.js:11:18)
    at glob.sync.map.filename (/home/xxx/educacionit/database/createDatabase.js:15:21)
    at Array.map (<anonymous>)
    at module.exports (/home/xxx/educacionit/database/createDatabase.js:12:6)
    at Object.<anonymous> (/home/xxx/educacionit/server.js:9:18)
    at Module._compile (module.js:635:30)
    at Object.Module._extensions..js (module.js:646:10)
    at Module.load (module.js:554:32)
    at tryModuleLoad (module.js:497:12)
2018-04-03T05:17:24.252Z - info: Listening on port 8080
2018-04-03T05:17:25.688Z - error: uncaughtException: collection names must not start or end with '.' date=Tue Apr 03 2018 02:17:25 GMT-0300 (-03), pid=19596, uid=1000, gid=1000, cwd=/home/xxx/educacionit, execPath=/usr/bin/node, version=v8.9.0, argv=[/usr/bin/node, /home/xxx/educacionit/server.js], rss=57733120, heapTotal=35012608, heapUsed=19058424, external=19174248, loadavg=[0.498046875, 0.34521484375, 0.2880859375], uptime=46695
MongoError: collection names must not start or end with '.'
    at checkCollectionName (/home/xxx/educacionit/node_modules/mongodb/lib/utils.js:114:11)
    at new Collection (/home/xxx/educacionit/node_modules/mongodb/lib/collection.js:64:3)
    at Db.collection (/home/xxx/educacionit/node_modules/mongodb/lib/db.js:437:24)
    at NativeCollection.onOpen (/home/xxx/educacionit/node_modules/mongoose/lib/drivers/node-mongodb-native/collection.js:43:34)
    at /home/xxx/educacionit/node_modules/mongoose/lib/connection.js:403:34
    at result (/home/xxx/educacionit/node_modules/mongodb/lib/utils.js:413:17)
    at executeCallback (/home/xxx/educacionit/node_modules/mongodb/lib/utils.js:405:9)
    at /home/xxx/educacionit/node_modules/mongodb/lib/mongo_client.js:271:5
    at connectCallback (/home/xxx/educacionit/node_modules/mongodb/lib/mongo_client.js:940:5)
    at /home/xxx/educacionit/node_modules/mongodb/lib/mongo_client.js:801:11
    at _combinedTickCallback (internal/process/next_tick.js:131:7)
    at process._tickCallback (internal/process/next_tick.js:180:9)
2018-04-03T05:18:19.274Z - error: uncaughtException: Unexpected token ) date=Tue Apr 03 2018 02:18:19 GMT-0300 (-03), pid=19635, uid=1000, gid=1000, cwd=/home/xxx/educacionit, execPath=/usr/bin/node, version=v8.9.0, argv=[/usr/bin/node, /home/xxx/educacionit/server.js], rss=33423360, heapTotal=10854400, heapUsed=6514568, external=118458, loadavg=[0.25439453125, 0.30126953125, 0.2724609375], uptime=46748
/home/xxx/educacionit/database/createDatabase.js:18
.map(a => { console.log(a); return a)
                                    ^

SyntaxError: Unexpected token )
    at createScript (vm.js:80:10)
    at Object.runInThisContext (vm.js:139:10)
    at Module._compile (module.js:599:28)
    at Object.Module._extensions..js (module.js:646:10)
    at Module.load (module.js:554:32)
    at tryModuleLoad (module.js:497:12)
    at Function.Module._load (module.js:489:3)
    at Module.require (module.js:579:17)
    at require (internal/module.js:11:18)
    at Object.<anonymous> (/home/xxx/educacionit/server.js:6:24)
2018-04-03T05:18:30.893Z - info: Listening on port 8080
2018-04-03T05:18:32.051Z - error: uncaughtException: collection names must not start or end with '.' date=Tue Apr 03 2018 02:18:32 GMT-0300 (-03), pid=19665, uid=1000, gid=1000, cwd=/home/xxx/educacionit, execPath=/usr/bin/node, version=v8.9.0, argv=[/usr/bin/node, /home/xxx/educacionit/server.js], rss=57815040, heapTotal=35012608, heapUsed=19064520, external=19173613, loadavg=[0.36279296875, 0.32373046875, 0.2802734375], uptime=46761
MongoError: collection names must not start or end with '.'
    at checkCollectionName (/home/xxx/educacionit/node_modules/mongodb/lib/utils.js:114:11)
    at new Collection (/home/xxx/educacionit/node_modules/mongodb/lib/collection.js:64:3)
    at Db.collection (/home/xxx/educacionit/node_modules/mongodb/lib/db.js:437:24)
    at NativeCollection.onOpen (/home/xxx/educacionit/node_modules/mongoose/lib/drivers/node-mongodb-native/collection.js:43:34)
    at /home/xxx/educacionit/node_modules/mongoose/lib/connection.js:403:34
    at result (/home/xxx/educacionit/node_modules/mongodb/lib/utils.js:413:17)
    at executeCallback (/home/xxx/educacionit/node_modules/mongodb/lib/utils.js:405:9)
    at /home/xxx/educacionit/node_modules/mongodb/lib/mongo_client.js:271:5
    at connectCallback (/home/xxx/educacionit/node_modules/mongodb/lib/mongo_client.js:940:5)
    at /home/xxx/educacionit/node_modules/mongodb/lib/mongo_client.js:801:11
    at _combinedTickCallback (internal/process/next_tick.js:131:7)
    at process._tickCallback (internal/process/next_tick.js:180:9)
2018-04-03T05:18:56.528Z - info: Listening on port 8080
2018-04-03T05:18:57.440Z - error: uncaughtException: collection names must not start or end with '.' date=Tue Apr 03 2018 02:18:57 GMT-0300 (-03), pid=19688, uid=1000, gid=1000, cwd=/home/xxx/educacionit, execPath=/usr/bin/node, version=v8.9.0, argv=[/usr/bin/node, /home/xxx/educacionit/server.js], rss=57880576, heapTotal=35012608, heapUsed=19006928, external=19173613, loadavg=[0.30078125, 0.3125, 0.2763671875], uptime=46786
MongoError: collection names must not start or end with '.'
    at checkCollectionName (/home/xxx/educacionit/node_modules/mongodb/lib/utils.js:114:11)
    at new Collection (/home/xxx/educacionit/node_modules/mongodb/lib/collection.js:64:3)
    at Db.collection (/home/xxx/educacionit/node_modules/mongodb/lib/db.js:437:24)
    at NativeCollection.onOpen (/home/xxx/educacionit/node_modules/mongoose/lib/drivers/node-mongodb-native/collection.js:43:34)
    at /home/xxx/educacionit/node_modules/mongoose/lib/connection.js:403:34
    at result (/home/xxx/educacionit/node_modules/mongodb/lib/utils.js:413:17)
    at executeCallback (/home/xxx/educacionit/node_modules/mongodb/lib/utils.js:405:9)
    at /home/xxx/educacionit/node_modules/mongodb/lib/mongo_client.js:271:5
    at connectCallback (/home/xxx/educacionit/node_modules/mongodb/lib/mongo_client.js:940:5)
    at /home/xxx/educacionit/node_modules/mongodb/lib/mongo_client.js:801:11
    at _combinedTickCallback (internal/process/next_tick.js:131:7)
    at process._tickCallback (internal/process/next_tick.js:180:9)
2018-04-03T05:22:55.287Z - error: uncaughtException: /.*\.js$/.match is not a function date=Tue Apr 03 2018 02:22:55 GMT-0300 (-03), pid=19843, uid=1000, gid=1000, cwd=/home/xxx/educacionit, execPath=/usr/bin/node, version=v8.9.0, argv=[/usr/bin/node, /home/xxx/educacionit/server.js], rss=56709120, heapTotal=34529280, heapUsed=23869720, external=19013034, loadavg=[0.0751953125, 0.22265625, 0.248046875], uptime=47024
TypeError: /.*\.js$/.match is not a function
    at glob.sync.map.filename (/home/xxx/educacionit/database/createDatabase.js:14:29)
    at Array.map (<anonymous>)
    at module.exports (/home/xxx/educacionit/database/createDatabase.js:12:6)
    at Object.<anonymous> (/home/xxx/educacionit/server.js:9:18)
    at Module._compile (module.js:635:30)
    at Object.Module._extensions..js (module.js:646:10)
    at Module.load (module.js:554:32)
    at tryModuleLoad (module.js:497:12)
    at Function.Module._load (module.js:489:3)
    at Function.Module.runMain (module.js:676:10)
    at startup (bootstrap_node.js:187:16)
    at bootstrap_node.js:608:3
2018-04-03T05:23:37.836Z - error: uncaughtException: str.toLowerCase is not a function date=Tue Apr 03 2018 02:23:37 GMT-0300 (-03), pid=19884, uid=1000, gid=1000, cwd=/home/xxx/educacionit, execPath=/usr/bin/node, version=v8.9.0, argv=[/usr/bin/node, /home/xxx/educacionit/server.js], rss=57638912, heapTotal=34529280, heapUsed=24045712, external=19013034, loadavg=[0.1435546875, 0.224609375, 0.248046875], uptime=47067
TypeError: str.toLowerCase is not a function
    at pluralize (/home/xxx/educacionit/node_modules/mongoose-legacy-pluralize/index.js:85:13)
    at Object.exports.toCollectionName (/home/xxx/educacionit/node_modules/mongoose/lib/utils.js:37:12)
    at Mongoose.model (/home/xxx/educacionit/node_modules/mongoose/lib/index.js:379:13)
    at glob.sync.map.map.map (/home/xxx/educacionit/database/createDatabase.js:19:39)
    at Array.map (<anonymous>)
    at module.exports (/home/xxx/educacionit/database/createDatabase.js:19:6)
    at Object.<anonymous> (/home/xxx/educacionit/server.js:9:18)
    at Module._compile (module.js:635:30)
    at Object.Module._extensions..js (module.js:646:10)
    at Module.load (module.js:554:32)
    at tryModuleLoad (module.js:497:12)
    at Function.Module._load (module.js:489:3)
    at Function.Module.runMain (module.js:676:10)
    at startup (bootstrap_node.js:187:16)
    at bootstrap_node.js:608:3
2018-04-03T05:30:04.623Z - info: Listening on port 8080
2018-04-03T05:30:05.641Z - info: MongoDB connected at mongodb+srv://educacionit-vwgqz.mongodb.net/test
2018-04-03T05:30:34.409Z - info: Listening on port 8080
2018-04-03T05:30:35.363Z - info: MongoDB connected at mongodb+srv://educacionit-vwgqz.mongodb.net/test
2018-04-03T05:32:01.407Z - info: Listening on port 8080
2018-04-03T05:32:02.400Z - info: MongoDB connected at mongodb+srv://educacionit-vwgqz.mongodb.net/test
2018-04-03T05:32:29.468Z - info: Listening on port 8080
2018-04-03T05:32:30.454Z - info: MongoDB connected at mongodb+srv://educacionit-vwgqz.mongodb.net/test
2018-04-03T05:32:48.519Z - info: Listening on port 8080
2018-04-03T05:32:49.606Z - info: MongoDB connected at mongodb+srv://educacionit-vwgqz.mongodb.net/test
2018-04-03T05:33:41.225Z - info: Listening on port 8080
2018-04-03T05:33:42.405Z - info: MongoDB connected at mongodb+srv://educacionit-vwgqz.mongodb.net/test
2018-04-03T05:34:43.375Z - info: Listening on port 8080
2018-04-03T05:34:44.494Z - info: MongoDB connected at mongodb+srv://educacionit-vwgqz.mongodb.net/test
2018-04-03T05:35:07.858Z - info: Listening on port 8080
2018-04-03T05:35:09.992Z - info: MongoDB connected at mongodb+srv://educacionit-vwgqz.mongodb.net/test
2018-04-03T05:36:01.703Z - info: Listening on port 8080
2018-04-03T05:36:02.724Z - info: MongoDB connected at mongodb+srv://educacionit-vwgqz.mongodb.net/test
2018-04-03T05:38:41.388Z - info: Listening on port 8080
2018-04-03T05:38:42.365Z - info: MongoDB connected at mongodb+srv://educacionit-vwgqz.mongodb.net/test
2018-04-03T05:39:41.790Z - info: Listening on port 8080
2018-04-03T05:39:42.990Z - info: MongoDB connected at mongodb+srv://educacionit-vwgqz.mongodb.net/test
2018-04-03T05:40:58.407Z - info: Listening on port 8080
2018-04-03T05:40:59.370Z - info: MongoDB connected at mongodb+srv://educacionit-vwgqz.mongodb.net/test
2018-04-03T05:41:13.558Z - info: 304 GET /api/v1/alumnos 11ms
2018-04-03T05:42:03.191Z - info: Listening on port 8080
2018-04-03T05:42:04.189Z - info: MongoDB connected at mongodb+srv://educacionit-vwgqz.mongodb.net/test
2018-04-03T05:42:08.118Z - info: 200 GET /api/v1/alumnos 3ms
2018-04-03T05:42:50.316Z - info: Listening on port 8080
2018-04-03T05:42:51.295Z - info: MongoDB connected at mongodb+srv://educacionit-vwgqz.mongodb.net/test
2018-04-03T05:42:54.924Z - info: 200 GET /api/v1/alumnos 4ms
2018-04-03T05:42:58.356Z - info: 304 GET /api/v1/alumnos 1ms
2018-04-03T05:43:25.323Z - info: Listening on port 8080
2018-04-03T05:43:27.231Z - info: MongoDB connected at mongodb+srv://educacionit-vwgqz.mongodb.net/test
2018-04-03T05:43:30.058Z - info: 200 GET /api/v1/alumnos 4ms
2018-04-03T05:44:28.427Z - info: Listening on port 8080
2018-04-03T05:44:29.491Z - info: MongoDB connected at mongodb+srv://educacionit-vwgqz.mongodb.net/test
2018-04-03T05:44:34.336Z - info: 200 GET /api/v1/alumnos 7ms
2018-04-03T05:47:22.697Z - info: Listening on port 8080
2018-04-03T05:47:24.488Z - info: MongoDB connected at mongodb+srv://educacionit-vwgqz.mongodb.net/test
2018-04-03T05:47:27.317Z - info: 200 GET /api/v1/alumnos 13ms
2018-04-03T05:56:28.311Z - error: uncaughtException: Unexpected identifier date=Tue Apr 03 2018 02:56:28 GMT-0300 (-03), pid=21042, uid=1000, gid=1000, cwd=/home/xxx/educacionit, execPath=/usr/bin/node, version=v8.9.0, argv=[/usr/bin/node, /home/xxx/educacionit/server.js], rss=56786944, heapTotal=34529280, heapUsed=23750952, external=19013034, loadavg=[0.28662109375, 0.2099609375, 0.19189453125], uptime=49037
/home/xxx/educacionit/app/api/v1/alumnos/getAlumnos.js:5
    const user = await req.db.User.create({
                       ^^^

SyntaxError: Unexpected identifier
    at createScript (vm.js:80:10)
    at Object.runInThisContext (vm.js:139:10)
    at Module._compile (module.js:599:28)
    at Object.Module._extensions..js (module.js:646:10)
    at Module.load (module.js:554:32)
    at tryModuleLoad (module.js:497:12)
    at Function.Module._load (module.js:489:3)
    at Module.require (module.js:579:17)
    at require (internal/module.js:11:18)
    at glob.sync.map.filename (/home/xxx/educacionit/app/api/createApiRouter.js:5:18)
    at Array.map (<anonymous>)
    at module.exports (/home/xxx/educacionit/app/api/createApiRouter.js:5:2)
    at Object.<anonymous> (/home/xxx/educacionit/app/createExpressApp.js:4:54)
    at Module._compile (module.js:635:30)
    at Object.Module._extensions..js (module.js:646:10)
    at Module.load (module.js:554:32)
2018-04-03T05:56:48.032Z - info: Listening on port 8080
2018-04-03T05:56:49.100Z - info: MongoDB connected at mongodb+srv://educacionit-vwgqz.mongodb.net/test
2018-04-03T05:56:55.149Z - error: ReferenceError: Alumno is not defined
    at module.exports.express.Router.get (/home/xxx/educacionit/app/api/v1/alumnos/postAlumnos.js:5:18)
    at Layer.handle [as handle_request] (/home/xxx/educacionit/node_modules/express/lib/router/layer.js:95:5)
    at next (/home/xxx/educacionit/node_modules/express/lib/router/route.js:137:13)
    at Route.dispatch (/home/xxx/educacionit/node_modules/express/lib/router/route.js:112:3)
    at Layer.handle [as handle_request] (/home/xxx/educacionit/node_modules/express/lib/router/layer.js:95:5)
    at /home/xxx/educacionit/node_modules/express/lib/router/index.js:281:22
    at Function.process_params (/home/xxx/educacionit/node_modules/express/lib/router/index.js:335:12)
    at next (/home/xxx/educacionit/node_modules/express/lib/router/index.js:275:10)
    at Function.handle (/home/xxx/educacionit/node_modules/express/lib/router/index.js:174:3)
    at router (/home/xxx/educacionit/node_modules/express/lib/router/index.js:47:12)
    at Layer.handle [as handle_request] (/home/xxx/educacionit/node_modules/express/lib/router/layer.js:95:5)
    at trim_prefix (/home/xxx/educacionit/node_modules/express/lib/router/index.js:317:13)
    at /home/xxx/educacionit/node_modules/express/lib/router/index.js:284:7
    at Function.process_params (/home/xxx/educacionit/node_modules/express/lib/router/index.js:335:12)
    at next (/home/xxx/educacionit/node_modules/express/lib/router/index.js:275:10)
    at /home/xxx/educacionit/node_modules/express/lib/router/index.js:635:15 ReferenceError: Alumno is not defined
    at module.exports.express.Router.get (/home/xxx/educacionit/app/api/v1/alumnos/postAlumnos.js:5:18)
    at Layer.handle [as handle_request] (/home/xxx/educacionit/node_modules/express/lib/router/layer.js:95:5)
    at next (/home/xxx/educacionit/node_modules/express/lib/router/route.js:137:13)
    at Route.dispatch (/home/xxx/educacionit/node_modules/express/lib/router/route.js:112:3)
    at Layer.handle [as handle_request] (/home/xxx/educacionit/node_modules/express/lib/router/layer.js:95:5)
    at /home/xxx/educacionit/node_modules/express/lib/router/index.js:281:22
    at Function.process_params (/home/xxx/educacionit/node_modules/express/lib/router/index.js:335:12)
    at next (/home/xxx/educacionit/node_modules/express/lib/router/index.js:275:10)
    at Function.handle (/home/xxx/educacionit/node_modules/express/lib/router/index.js:174:3)
    at router (/home/xxx/educacionit/node_modules/express/lib/router/index.js:47:12)
    at Layer.handle [as handle_request] (/home/xxx/educacionit/node_modules/express/lib/router/layer.js:95:5)
    at trim_prefix (/home/xxx/educacionit/node_modules/express/lib/router/index.js:317:13)
    at /home/xxx/educacionit/node_modules/express/lib/router/index.js:284:7
    at Function.process_params (/home/xxx/educacionit/node_modules/express/lib/router/index.js:335:12)
    at next (/home/xxx/educacionit/node_modules/express/lib/router/index.js:275:10)
    at /home/xxx/educacionit/node_modules/express/lib/router/index.js:635:15
2018-04-03T05:56:55.157Z - info: 500 GET /api/v1/alumnos 7ms
2018-04-03T05:57:48.995Z - info: Listening on port 8080
2018-04-03T05:57:50.062Z - info: MongoDB connected at mongodb+srv://educacionit-vwgqz.mongodb.net/test
2018-04-03T05:57:59.522Z - info: 200 GET /api/v1/alumnos 7ms
2018-04-03T06:03:48.890Z - info: Listening on port 8080
2018-04-03T06:03:49.975Z - info: MongoDB connected at mongodb+srv://educacionit-vwgqz.mongodb.net/test
2018-04-03T06:03:57.786Z - info: 304 GET /api/v1/alumnos 9ms
2018-04-03T06:04:03.495Z - error: { MongoError: not authorized on admin to execute command { insert: "alumnos", documents: [[{_id ObjectIdHex("5ac31953a1f65852dc7a7e6c")} {__v 0}]], ordered: false }
    at /home/xxx/educacionit/node_modules/mongodb-core/lib/connection/pool.js:595:61
    at authenticateStragglers (/home/xxx/educacionit/node_modules/mongodb-core/lib/connection/pool.js:513:16)
    at Connection.messageHandler (/home/xxx/educacionit/node_modules/mongodb-core/lib/connection/pool.js:549:5)
    at emitMessageHandler (/home/xxx/educacionit/node_modules/mongodb-core/lib/connection/connection.js:309:10)
    at TLSSocket.<anonymous> (/home/xxx/educacionit/node_modules/mongodb-core/lib/connection/connection.js:452:17)
    at emitOne (events.js:116:13)
    at TLSSocket.emit (events.js:211:7)
    at addChunk (_stream_readable.js:263:12)
    at readableAddChunk (_stream_readable.js:250:11)
    at TLSSocket.Readable.push (_stream_readable.js:208:10)
    at TLSWrap.onread (net.js:594:20)
  name: 'MongoError',
  message: 'not authorized on admin to execute command { insert: "alumnos", documents: [[{_id ObjectIdHex("5ac31953a1f65852dc7a7e6c")} {__v 0}]], ordered: false }',
  ok: 0,
  errmsg: 'not authorized on admin to execute command { insert: "alumnos", documents: [[{_id ObjectIdHex("5ac31953a1f65852dc7a7e6c")} {__v 0}]], ordered: false }',
  code: 8000,
  codeName: 'AtlasError' } MongoError: not authorized on admin to execute command { insert: "alumnos", documents: [[{_id ObjectIdHex("5ac31953a1f65852dc7a7e6c")} {__v 0}]], ordered: false }
    at /home/xxx/educacionit/node_modules/mongodb-core/lib/connection/pool.js:595:61
    at authenticateStragglers (/home/xxx/educacionit/node_modules/mongodb-core/lib/connection/pool.js:513:16)
    at Connection.messageHandler (/home/xxx/educacionit/node_modules/mongodb-core/lib/connection/pool.js:549:5)
    at emitMessageHandler (/home/xxx/educacionit/node_modules/mongodb-core/lib/connection/connection.js:309:10)
    at TLSSocket.<anonymous> (/home/xxx/educacionit/node_modules/mongodb-core/lib/connection/connection.js:452:17)
    at emitOne (events.js:116:13)
    at TLSSocket.emit (events.js:211:7)
    at addChunk (_stream_readable.js:263:12)
    at readableAddChunk (_stream_readable.js:250:11)
    at TLSSocket.Readable.push (_stream_readable.js:208:10)
    at TLSWrap.onread (net.js:594:20)
2018-04-03T06:04:03.497Z - info: 500 GET /api/v1/alumnos/post 295ms
2018-04-03T06:08:28.769Z - info: Listening on port 8080
2018-04-03T06:08:30.040Z - error: uncaughtException: password must be a string date=Tue Apr 03 2018 03:08:30 GMT-0300 (-03), pid=21367, uid=1000, gid=1000, cwd=/home/xxx/educacionit, execPath=/usr/bin/node, version=v8.9.0, argv=[/usr/bin/node, /home/xxx/educacionit/server.js], rss=58171392, heapTotal=35012608, heapUsed=19063104, external=19175013, loadavg=[0.49169921875, 0.431640625, 0.2880859375], uptime=49759
MongoError: password must be a string
    at passwordDigest (/home/xxx/educacionit/node_modules/mongodb-core/lib/auth/scram.js:53:43)
    at /home/xxx/educacionit/node_modules/mongodb-core/lib/auth/scram.js:223:27
    at /home/xxx/educacionit/node_modules/mongodb-core/lib/connection/pool.js:541:18
    at _combinedTickCallback (internal/process/next_tick.js:131:7)
    at process._tickCallback (internal/process/next_tick.js:180:9)
2018-04-03T06:08:30.042Z - error: uncaughtException: password must be a string date=Tue Apr 03 2018 03:08:30 GMT-0300 (-03), pid=21367, uid=1000, gid=1000, cwd=/home/xxx/educacionit, execPath=/usr/bin/node, version=v8.9.0, argv=[/usr/bin/node, /home/xxx/educacionit/server.js], rss=58171392, heapTotal=35012608, heapUsed=19234400, external=19175220, loadavg=[0.49169921875, 0.431640625, 0.2880859375], uptime=49759
MongoError: password must be a string
    at passwordDigest (/home/xxx/educacionit/node_modules/mongodb-core/lib/auth/scram.js:53:43)
    at /home/xxx/educacionit/node_modules/mongodb-core/lib/auth/scram.js:223:27
    at /home/xxx/educacionit/node_modules/mongodb-core/lib/connection/pool.js:541:18
    at _combinedTickCallback (internal/process/next_tick.js:131:7)
    at process._tickCallback (internal/process/next_tick.js:180:9)
2018-04-03T06:08:30.043Z - error: uncaughtException: password must be a string date=Tue Apr 03 2018 03:08:30 GMT-0300 (-03), pid=21367, uid=1000, gid=1000, cwd=/home/xxx/educacionit, execPath=/usr/bin/node, version=v8.9.0, argv=[/usr/bin/node, /home/xxx/educacionit/server.js], rss=58171392, heapTotal=35012608, heapUsed=19337264, external=19175403, loadavg=[0.49169921875, 0.431640625, 0.2880859375], uptime=49759
MongoError: password must be a string
    at passwordDigest (/home/xxx/educacionit/node_modules/mongodb-core/lib/auth/scram.js:53:43)
    at /home/xxx/educacionit/node_modules/mongodb-core/lib/auth/scram.js:223:27
    at /home/xxx/educacionit/node_modules/mongodb-core/lib/connection/pool.js:541:18
    at _combinedTickCallback (internal/process/next_tick.js:131:7)
    at process._tickCallback (internal/process/next_tick.js:180:9)
2018-04-03T06:09:09.495Z - info: Listening on port 8080
2018-04-03T06:09:11.105Z - info: MongoDB connected at mongodb+srv://educacionit-vwgqz.mongodb.net/test
2018-04-03T06:09:25.134Z - error: { MongoError: not authorized on admin to execute command { insert: "alumnos", documents: [[{_id ObjectIdHex("5ac31a94cc8d0d53eafa3426")} {__v 0}]], ordered: false }
    at /home/xxx/educacionit/node_modules/mongodb-core/lib/connection/pool.js:595:61
    at authenticateStragglers (/home/xxx/educacionit/node_modules/mongodb-core/lib/connection/pool.js:513:16)
    at Connection.messageHandler (/home/xxx/educacionit/node_modules/mongodb-core/lib/connection/pool.js:549:5)
    at emitMessageHandler (/home/xxx/educacionit/node_modules/mongodb-core/lib/connection/connection.js:309:10)
    at TLSSocket.<anonymous> (/home/xxx/educacionit/node_modules/mongodb-core/lib/connection/connection.js:452:17)
    at emitOne (events.js:116:13)
    at TLSSocket.emit (events.js:211:7)
    at addChunk (_stream_readable.js:263:12)
    at readableAddChunk (_stream_readable.js:250:11)
    at TLSSocket.Readable.push (_stream_readable.js:208:10)
    at TLSWrap.onread (net.js:594:20)
  name: 'MongoError',
  message: 'not authorized on admin to execute command { insert: "alumnos", documents: [[{_id ObjectIdHex("5ac31a94cc8d0d53eafa3426")} {__v 0}]], ordered: false }',
  ok: 0,
  errmsg: 'not authorized on admin to execute command { insert: "alumnos", documents: [[{_id ObjectIdHex("5ac31a94cc8d0d53eafa3426")} {__v 0}]], ordered: false }',
  code: 8000,
  codeName: 'AtlasError' } MongoError: not authorized on admin to execute command { insert: "alumnos", documents: [[{_id ObjectIdHex("5ac31a94cc8d0d53eafa3426")} {__v 0}]], ordered: false }
    at /home/xxx/educacionit/node_modules/mongodb-core/lib/connection/pool.js:595:61
    at authenticateStragglers (/home/xxx/educacionit/node_modules/mongodb-core/lib/connection/pool.js:513:16)
    at Connection.messageHandler (/home/xxx/educacionit/node_modules/mongodb-core/lib/connection/pool.js:549:5)
    at emitMessageHandler (/home/xxx/educacionit/node_modules/mongodb-core/lib/connection/connection.js:309:10)
    at TLSSocket.<anonymous> (/home/xxx/educacionit/node_modules/mongodb-core/lib/connection/connection.js:452:17)
    at emitOne (events.js:116:13)
    at TLSSocket.emit (events.js:211:7)
    at addChunk (_stream_readable.js:263:12)
    at readableAddChunk (_stream_readable.js:250:11)
    at TLSSocket.Readable.push (_stream_readable.js:208:10)
    at TLSWrap.onread (net.js:594:20)
2018-04-03T06:09:25.138Z - info: 500 GET /api/v1/alumnos/post 282ms
2018-04-03T06:12:45.878Z - info: Listening on port 8080
2018-04-03T06:12:47.888Z - info: MongoDB connected at mongodb+srv://educacionit-vwgqz.mongodb.net/test
2018-04-03T06:12:59.251Z - error: { MongoError: not authorized on admin to execute command { insert: "alumnos", documents: [[{_id ObjectIdHex("5ac31b6bd2c49a543227df8f")} {__v 0}]], ordered: false }
    at /home/xxx/educacionit/node_modules/mongodb-core/lib/connection/pool.js:595:61
    at authenticateStragglers (/home/xxx/educacionit/node_modules/mongodb-core/lib/connection/pool.js:513:16)
    at Connection.messageHandler (/home/xxx/educacionit/node_modules/mongodb-core/lib/connection/pool.js:549:5)
    at emitMessageHandler (/home/xxx/educacionit/node_modules/mongodb-core/lib/connection/connection.js:309:10)
    at TLSSocket.<anonymous> (/home/xxx/educacionit/node_modules/mongodb-core/lib/connection/connection.js:452:17)
    at emitOne (events.js:116:13)
    at TLSSocket.emit (events.js:211:7)
    at addChunk (_stream_readable.js:263:12)
    at readableAddChunk (_stream_readable.js:250:11)
    at TLSSocket.Readable.push (_stream_readable.js:208:10)
    at TLSWrap.onread (net.js:594:20)
  name: 'MongoError',
  message: 'not authorized on admin to execute command { insert: "alumnos", documents: [[{_id ObjectIdHex("5ac31b6bd2c49a543227df8f")} {__v 0}]], ordered: false }',
  ok: 0,
  errmsg: 'not authorized on admin to execute command { insert: "alumnos", documents: [[{_id ObjectIdHex("5ac31b6bd2c49a543227df8f")} {__v 0}]], ordered: false }',
  code: 8000,
  codeName: 'AtlasError' } MongoError: not authorized on admin to execute command { insert: "alumnos", documents: [[{_id ObjectIdHex("5ac31b6bd2c49a543227df8f")} {__v 0}]], ordered: false }
    at /home/xxx/educacionit/node_modules/mongodb-core/lib/connection/pool.js:595:61
    at authenticateStragglers (/home/xxx/educacionit/node_modules/mongodb-core/lib/connection/pool.js:513:16)
    at Connection.messageHandler (/home/xxx/educacionit/node_modules/mongodb-core/lib/connection/pool.js:549:5)
    at emitMessageHandler (/home/xxx/educacionit/node_modules/mongodb-core/lib/connection/connection.js:309:10)
    at TLSSocket.<anonymous> (/home/xxx/educacionit/node_modules/mongodb-core/lib/connection/connection.js:452:17)
    at emitOne (events.js:116:13)
    at TLSSocket.emit (events.js:211:7)
    at addChunk (_stream_readable.js:263:12)
    at readableAddChunk (_stream_readable.js:250:11)
    at TLSSocket.Readable.push (_stream_readable.js:208:10)
    at TLSWrap.onread (net.js:594:20)
2018-04-03T06:12:59.255Z - info: 500 GET /api/v1/alumnos/post 256ms
2018-04-03T06:14:38.575Z - error: { MongoError: not authorized on admin to execute command { insert: "alumnos", documents: [[{_id ObjectIdHex("5ac31bced2c49a543227df90")} {__v 0}]], ordered: false }
    at /home/xxx/educacionit/node_modules/mongodb-core/lib/connection/pool.js:595:61
    at authenticateStragglers (/home/xxx/educacionit/node_modules/mongodb-core/lib/connection/pool.js:513:16)
    at Connection.messageHandler (/home/xxx/educacionit/node_modules/mongodb-core/lib/connection/pool.js:549:5)
    at emitMessageHandler (/home/xxx/educacionit/node_modules/mongodb-core/lib/connection/connection.js:309:10)
    at TLSSocket.<anonymous> (/home/xxx/educacionit/node_modules/mongodb-core/lib/connection/connection.js:452:17)
    at emitOne (events.js:116:13)
    at TLSSocket.emit (events.js:211:7)
    at addChunk (_stream_readable.js:263:12)
    at readableAddChunk (_stream_readable.js:250:11)
    at TLSSocket.Readable.push (_stream_readable.js:208:10)
    at TLSWrap.onread (net.js:594:20)
  name: 'MongoError',
  message: 'not authorized on admin to execute command { insert: "alumnos", documents: [[{_id ObjectIdHex("5ac31bced2c49a543227df90")} {__v 0}]], ordered: false }',
  ok: 0,
  errmsg: 'not authorized on admin to execute command { insert: "alumnos", documents: [[{_id ObjectIdHex("5ac31bced2c49a543227df90")} {__v 0}]], ordered: false }',
  code: 8000,
  codeName: 'AtlasError' } MongoError: not authorized on admin to execute command { insert: "alumnos", documents: [[{_id ObjectIdHex("5ac31bced2c49a543227df90")} {__v 0}]], ordered: false }
    at /home/xxx/educacionit/node_modules/mongodb-core/lib/connection/pool.js:595:61
    at authenticateStragglers (/home/xxx/educacionit/node_modules/mongodb-core/lib/connection/pool.js:513:16)
    at Connection.messageHandler (/home/xxx/educacionit/node_modules/mongodb-core/lib/connection/pool.js:549:5)
    at emitMessageHandler (/home/xxx/educacionit/node_modules/mongodb-core/lib/connection/connection.js:309:10)
    at TLSSocket.<anonymous> (/home/xxx/educacionit/node_modules/mongodb-core/lib/connection/connection.js:452:17)
    at emitOne (events.js:116:13)
    at TLSSocket.emit (events.js:211:7)
    at addChunk (_stream_readable.js:263:12)
    at readableAddChunk (_stream_readable.js:250:11)
    at TLSSocket.Readable.push (_stream_readable.js:208:10)
    at TLSWrap.onread (net.js:594:20)
2018-04-03T06:14:38.576Z - info: 500 GET /api/v1/alumnos/post 205ms
2018-04-03T06:14:52.401Z - error: { MongoError: not authorized on admin to execute command { insert: "alumnos", documents: [[{_id ObjectIdHex("5ac31bdcd2c49a543227df91")} {__v 0}]], ordered: false }
    at /home/xxx/educacionit/node_modules/mongodb-core/lib/connection/pool.js:595:61
    at authenticateStragglers (/home/xxx/educacionit/node_modules/mongodb-core/lib/connection/pool.js:513:16)
    at Connection.messageHandler (/home/xxx/educacionit/node_modules/mongodb-core/lib/connection/pool.js:549:5)
    at emitMessageHandler (/home/xxx/educacionit/node_modules/mongodb-core/lib/connection/connection.js:309:10)
    at TLSSocket.<anonymous> (/home/xxx/educacionit/node_modules/mongodb-core/lib/connection/connection.js:452:17)
    at emitOne (events.js:116:13)
    at TLSSocket.emit (events.js:211:7)
    at addChunk (_stream_readable.js:263:12)
    at readableAddChunk (_stream_readable.js:250:11)
    at TLSSocket.Readable.push (_stream_readable.js:208:10)
    at TLSWrap.onread (net.js:594:20)
  name: 'MongoError',
  message: 'not authorized on admin to execute command { insert: "alumnos", documents: [[{_id ObjectIdHex("5ac31bdcd2c49a543227df91")} {__v 0}]], ordered: false }',
  ok: 0,
  errmsg: 'not authorized on admin to execute command { insert: "alumnos", documents: [[{_id ObjectIdHex("5ac31bdcd2c49a543227df91")} {__v 0}]], ordered: false }',
  code: 8000,
  codeName: 'AtlasError' } MongoError: not authorized on admin to execute command { insert: "alumnos", documents: [[{_id ObjectIdHex("5ac31bdcd2c49a543227df91")} {__v 0}]], ordered: false }
    at /home/xxx/educacionit/node_modules/mongodb-core/lib/connection/pool.js:595:61
    at authenticateStragglers (/home/xxx/educacionit/node_modules/mongodb-core/lib/connection/pool.js:513:16)
    at Connection.messageHandler (/home/xxx/educacionit/node_modules/mongodb-core/lib/connection/pool.js:549:5)
    at emitMessageHandler (/home/xxx/educacionit/node_modules/mongodb-core/lib/connection/connection.js:309:10)
    at TLSSocket.<anonymous> (/home/xxx/educacionit/node_modules/mongodb-core/lib/connection/connection.js:452:17)
    at emitOne (events.js:116:13)
    at TLSSocket.emit (events.js:211:7)
    at addChunk (_stream_readable.js:263:12)
    at readableAddChunk (_stream_readable.js:250:11)
    at TLSSocket.Readable.push (_stream_readable.js:208:10)
    at TLSWrap.onread (net.js:594:20)
2018-04-03T06:14:52.401Z - info: 500 GET /api/v1/alumnos/post 227ms
2018-04-03T06:14:53.731Z - error: { MongoError: not authorized on admin to execute command { insert: "alumnos", documents: [[{_id ObjectIdHex("5ac31bddd2c49a543227df92")} {__v 0}]], ordered: false }
    at /home/xxx/educacionit/node_modules/mongodb-core/lib/connection/pool.js:595:61
    at authenticateStragglers (/home/xxx/educacionit/node_modules/mongodb-core/lib/connection/pool.js:513:16)
    at Connection.messageHandler (/home/xxx/educacionit/node_modules/mongodb-core/lib/connection/pool.js:549:5)
    at emitMessageHandler (/home/xxx/educacionit/node_modules/mongodb-core/lib/connection/connection.js:309:10)
    at TLSSocket.<anonymous> (/home/xxx/educacionit/node_modules/mongodb-core/lib/connection/connection.js:452:17)
    at emitOne (events.js:116:13)
    at TLSSocket.emit (events.js:211:7)
    at addChunk (_stream_readable.js:263:12)
    at readableAddChunk (_stream_readable.js:250:11)
    at TLSSocket.Readable.push (_stream_readable.js:208:10)
    at TLSWrap.onread (net.js:594:20)
  name: 'MongoError',
  message: 'not authorized on admin to execute command { insert: "alumnos", documents: [[{_id ObjectIdHex("5ac31bddd2c49a543227df92")} {__v 0}]], ordered: false }',
  ok: 0,
  errmsg: 'not authorized on admin to execute command { insert: "alumnos", documents: [[{_id ObjectIdHex("5ac31bddd2c49a543227df92")} {__v 0}]], ordered: false }',
  code: 8000,
  codeName: 'AtlasError' } MongoError: not authorized on admin to execute command { insert: "alumnos", documents: [[{_id ObjectIdHex("5ac31bddd2c49a543227df92")} {__v 0}]], ordered: false }
    at /home/xxx/educacionit/node_modules/mongodb-core/lib/connection/pool.js:595:61
    at authenticateStragglers (/home/xxx/educacionit/node_modules/mongodb-core/lib/connection/pool.js:513:16)
    at Connection.messageHandler (/home/xxx/educacionit/node_modules/mongodb-core/lib/connection/pool.js:549:5)
    at emitMessageHandler (/home/xxx/educacionit/node_modules/mongodb-core/lib/connection/connection.js:309:10)
    at TLSSocket.<anonymous> (/home/xxx/educacionit/node_modules/mongodb-core/lib/connection/connection.js:452:17)
    at emitOne (events.js:116:13)
    at TLSSocket.emit (events.js:211:7)
    at addChunk (_stream_readable.js:263:12)
    at readableAddChunk (_stream_readable.js:250:11)
    at TLSSocket.Readable.push (_stream_readable.js:208:10)
    at TLSWrap.onread (net.js:594:20)
2018-04-03T06:14:53.731Z - info: 500 GET /api/v1/alumnos/post 194ms
2018-04-03T06:15:09.604Z - error: { MongoError: not authorized on admin to execute command { insert: "alumnos", documents: [[{_id ObjectIdHex("5ac31bedd2c49a543227df93")} {__v 0}]], ordered: false }
    at /home/xxx/educacionit/node_modules/mongodb-core/lib/connection/pool.js:595:61
    at authenticateStragglers (/home/xxx/educacionit/node_modules/mongodb-core/lib/connection/pool.js:513:16)
    at Connection.messageHandler (/home/xxx/educacionit/node_modules/mongodb-core/lib/connection/pool.js:549:5)
    at emitMessageHandler (/home/xxx/educacionit/node_modules/mongodb-core/lib/connection/connection.js:309:10)
    at TLSSocket.<anonymous> (/home/xxx/educacionit/node_modules/mongodb-core/lib/connection/connection.js:452:17)
    at emitOne (events.js:116:13)
    at TLSSocket.emit (events.js:211:7)
    at addChunk (_stream_readable.js:263:12)
    at readableAddChunk (_stream_readable.js:250:11)
    at TLSSocket.Readable.push (_stream_readable.js:208:10)
    at TLSWrap.onread (net.js:594:20)
  name: 'MongoError',
  message: 'not authorized on admin to execute command { insert: "alumnos", documents: [[{_id ObjectIdHex("5ac31bedd2c49a543227df93")} {__v 0}]], ordered: false }',
  ok: 0,
  errmsg: 'not authorized on admin to execute command { insert: "alumnos", documents: [[{_id ObjectIdHex("5ac31bedd2c49a543227df93")} {__v 0}]], ordered: false }',
  code: 8000,
  codeName: 'AtlasError' } MongoError: not authorized on admin to execute command { insert: "alumnos", documents: [[{_id ObjectIdHex("5ac31bedd2c49a543227df93")} {__v 0}]], ordered: false }
    at /home/xxx/educacionit/node_modules/mongodb-core/lib/connection/pool.js:595:61
    at authenticateStragglers (/home/xxx/educacionit/node_modules/mongodb-core/lib/connection/pool.js:513:16)
    at Connection.messageHandler (/home/xxx/educacionit/node_modules/mongodb-core/lib/connection/pool.js:549:5)
    at emitMessageHandler (/home/xxx/educacionit/node_modules/mongodb-core/lib/connection/connection.js:309:10)
    at TLSSocket.<anonymous> (/home/xxx/educacionit/node_modules/mongodb-core/lib/connection/connection.js:452:17)
    at emitOne (events.js:116:13)
    at TLSSocket.emit (events.js:211:7)
    at addChunk (_stream_readable.js:263:12)
    at readableAddChunk (_stream_readable.js:250:11)
    at TLSSocket.Readable.push (_stream_readable.js:208:10)
    at TLSWrap.onread (net.js:594:20)
2018-04-03T06:15:09.605Z - info: 500 GET /api/v1/alumnos/post 273ms
2018-04-03T06:15:10.934Z - error: { MongoError: not authorized on admin to execute command { insert: "alumnos", documents: [[{_id ObjectIdHex("5ac31beed2c49a543227df94")} {__v 0}]], ordered: false }
    at /home/xxx/educacionit/node_modules/mongodb-core/lib/connection/pool.js:595:61
    at authenticateStragglers (/home/xxx/educacionit/node_modules/mongodb-core/lib/connection/pool.js:513:16)
    at Connection.messageHandler (/home/xxx/educacionit/node_modules/mongodb-core/lib/connection/pool.js:549:5)
    at emitMessageHandler (/home/xxx/educacionit/node_modules/mongodb-core/lib/connection/connection.js:309:10)
    at TLSSocket.<anonymous> (/home/xxx/educacionit/node_modules/mongodb-core/lib/connection/connection.js:452:17)
    at emitOne (events.js:116:13)
    at TLSSocket.emit (events.js:211:7)
    at addChunk (_stream_readable.js:263:12)
    at readableAddChunk (_stream_readable.js:250:11)
    at TLSSocket.Readable.push (_stream_readable.js:208:10)
    at TLSWrap.onread (net.js:594:20)
  name: 'MongoError',
  message: 'not authorized on admin to execute command { insert: "alumnos", documents: [[{_id ObjectIdHex("5ac31beed2c49a543227df94")} {__v 0}]], ordered: false }',
  ok: 0,
  errmsg: 'not authorized on admin to execute command { insert: "alumnos", documents: [[{_id ObjectIdHex("5ac31beed2c49a543227df94")} {__v 0}]], ordered: false }',
  code: 8000,
  codeName: 'AtlasError' } MongoError: not authorized on admin to execute command { insert: "alumnos", documents: [[{_id ObjectIdHex("5ac31beed2c49a543227df94")} {__v 0}]], ordered: false }
    at /home/xxx/educacionit/node_modules/mongodb-core/lib/connection/pool.js:595:61
    at authenticateStragglers (/home/xxx/educacionit/node_modules/mongodb-core/lib/connection/pool.js:513:16)
    at Connection.messageHandler (/home/xxx/educacionit/node_modules/mongodb-core/lib/connection/pool.js:549:5)
    at emitMessageHandler (/home/xxx/educacionit/node_modules/mongodb-core/lib/connection/connection.js:309:10)
    at TLSSocket.<anonymous> (/home/xxx/educacionit/node_modules/mongodb-core/lib/connection/connection.js:452:17)
    at emitOne (events.js:116:13)
    at TLSSocket.emit (events.js:211:7)
    at addChunk (_stream_readable.js:263:12)
    at readableAddChunk (_stream_readable.js:250:11)
    at TLSSocket.Readable.push (_stream_readable.js:208:10)
    at TLSWrap.onread (net.js:594:20)
2018-04-03T06:15:10.935Z - info: 500 GET /api/v1/alumnos/post 276ms
2018-04-03T06:15:58.118Z - info: Listening on port 8080
2018-04-03T06:15:59.376Z - error: uncaughtException: authentication fail date=Tue Apr 03 2018 03:15:59 GMT-0300 (-03), pid=21627, uid=1000, gid=1000, cwd=/home/xxx/educacionit, execPath=/usr/bin/node, version=v8.9.0, argv=[/usr/bin/node, /home/xxx/educacionit/server.js], rss=57970688, heapTotal=35012608, heapUsed=19124320, external=19175205, loadavg=[0.43212890625, 0.5126953125, 0.38671875], uptime=50208
MongoError: authentication fail
    at /home/xxx/educacionit/node_modules/mongodb-core/lib/topologies/replset.js:1429:15
    at /home/xxx/educacionit/node_modules/mongodb-core/lib/connection/pool.js:874:7
    at /home/xxx/educacionit/node_modules/mongodb-core/lib/connection/pool.js:850:20
    at /home/xxx/educacionit/node_modules/mongodb-core/lib/auth/scram.js:207:20
    at /home/xxx/educacionit/node_modules/mongodb-core/lib/connection/pool.js:541:18
    at _combinedTickCallback (internal/process/next_tick.js:131:7)
    at process._tickCallback (internal/process/next_tick.js:180:9)
2018-04-03T06:16:24.347Z - info: Listening on port 8080
2018-04-03T06:16:25.640Z - error: uncaughtException: authentication fail date=Tue Apr 03 2018 03:16:25 GMT-0300 (-03), pid=21661, uid=1000, gid=1000, cwd=/home/xxx/educacionit, execPath=/usr/bin/node, version=v8.9.0, argv=[/usr/bin/node, /home/xxx/educacionit/server.js], rss=57831424, heapTotal=35012608, heapUsed=19377520, external=19176353, loadavg=[0.28369140625, 0.47021484375, 0.37451171875], uptime=50235
MongoError: authentication fail
    at /home/xxx/educacionit/node_modules/mongodb-core/lib/topologies/replset.js:1429:15
    at /home/xxx/educacionit/node_modules/mongodb-core/lib/connection/pool.js:874:7
    at /home/xxx/educacionit/node_modules/mongodb-core/lib/connection/pool.js:850:20
    at finish (/home/xxx/educacionit/node_modules/mongodb-core/lib/auth/scram.js:174:16)
    at handleEnd (/home/xxx/educacionit/node_modules/mongodb-core/lib/auth/scram.js:184:7)
    at /home/xxx/educacionit/node_modules/mongodb-core/lib/auth/scram.js:289:15
    at /home/xxx/educacionit/node_modules/mongodb-core/lib/connection/pool.js:541:18
    at _combinedTickCallback (internal/process/next_tick.js:131:7)
    at process._tickCallback (internal/process/next_tick.js:180:9)
2018-04-03T06:16:36.736Z - info: Listening on port 8080
2018-04-03T06:16:38.390Z - info: MongoDB connected at mongodb+srv://educacionit-vwgqz.mongodb.net/test
2018-04-03T06:24:28.490Z - info: Listening on port 8080
2018-04-03T06:24:30.265Z - info: MongoDB connected at mongodb+srv://educacionit-vwgqz.mongodb.net/test?authSource=admin
2018-04-03T06:24:42.247Z - error: { MongoError: not authorized on admin to execute command { insert: "alumnos", documents: [[{_id ObjectIdHex("5ac31e29e72d7055dc98a4ca")} {__v 0}]], ordered: false }
    at /home/xxx/educacionit/node_modules/mongodb-core/lib/connection/pool.js:595:61
    at authenticateStragglers (/home/xxx/educacionit/node_modules/mongodb-core/lib/connection/pool.js:513:16)
    at Connection.messageHandler (/home/xxx/educacionit/node_modules/mongodb-core/lib/connection/pool.js:549:5)
    at emitMessageHandler (/home/xxx/educacionit/node_modules/mongodb-core/lib/connection/connection.js:309:10)
    at TLSSocket.<anonymous> (/home/xxx/educacionit/node_modules/mongodb-core/lib/connection/connection.js:452:17)
    at emitOne (events.js:116:13)
    at TLSSocket.emit (events.js:211:7)
    at addChunk (_stream_readable.js:263:12)
    at readableAddChunk (_stream_readable.js:250:11)
    at TLSSocket.Readable.push (_stream_readable.js:208:10)
    at TLSWrap.onread (net.js:594:20)
  name: 'MongoError',
  message: 'not authorized on admin to execute command { insert: "alumnos", documents: [[{_id ObjectIdHex("5ac31e29e72d7055dc98a4ca")} {__v 0}]], ordered: false }',
  ok: 0,
  errmsg: 'not authorized on admin to execute command { insert: "alumnos", documents: [[{_id ObjectIdHex("5ac31e29e72d7055dc98a4ca")} {__v 0}]], ordered: false }',
  code: 8000,
  codeName: 'AtlasError' } MongoError: not authorized on admin to execute command { insert: "alumnos", documents: [[{_id ObjectIdHex("5ac31e29e72d7055dc98a4ca")} {__v 0}]], ordered: false }
    at /home/xxx/educacionit/node_modules/mongodb-core/lib/connection/pool.js:595:61
    at authenticateStragglers (/home/xxx/educacionit/node_modules/mongodb-core/lib/connection/pool.js:513:16)
    at Connection.messageHandler (/home/xxx/educacionit/node_modules/mongodb-core/lib/connection/pool.js:549:5)
    at emitMessageHandler (/home/xxx/educacionit/node_modules/mongodb-core/lib/connection/connection.js:309:10)
    at TLSSocket.<anonymous> (/home/xxx/educacionit/node_modules/mongodb-core/lib/connection/connection.js:452:17)
    at emitOne (events.js:116:13)
    at TLSSocket.emit (events.js:211:7)
    at addChunk (_stream_readable.js:263:12)
    at readableAddChunk (_stream_readable.js:250:11)
    at TLSSocket.Readable.push (_stream_readable.js:208:10)
    at TLSWrap.onread (net.js:594:20)
2018-04-03T06:24:42.251Z - info: 500 GET /api/v1/alumnos/post 312ms
2018-04-03T06:36:54.184Z - info: Listening on port 8080
2018-04-03T06:37:54.220Z - info: Listening on port 8080
2018-04-03T06:37:55.959Z - info: MongoDB connected at mongodb://ds231739.mlab.com:31739/educacionit
2018-04-03T06:38:11.221Z - info: 200 GET /api/v1/alumnos/post 249ms
2018-04-03T06:42:00.533Z - info: Listening on port 8080
2018-04-03T06:42:02.040Z - info: MongoDB connected at mongodb://ds231739.mlab.com:31739/educacionit
2018-04-03T06:43:54.443Z - info: Listening on port 8080
2018-04-03T06:43:55.897Z - info: MongoDB connected at mongodb://ds231739.mlab.com:31739/educacionit
2018-04-03T06:44:06.038Z - info: 200 GET /api/v1/alumnos 263ms
2018-04-03T06:45:45.994Z - info: Listening on port 8080
2018-04-03T06:45:47.616Z - info: MongoDB connected at mongodb://ds231739.mlab.com:31739/educacionit
2018-04-03T06:46:30.220Z - info: 200 GET /api/v1/alumnos/post 258ms
2018-04-03T06:46:37.996Z - info: 200 GET /api/v1/alumnos 297ms
2018-04-03T07:02:04.903Z - info: 200 GET / 4ms
2018-04-03T07:02:28.373Z - info: 404 POST /api/v1/alumnos 12ms
2018-04-03T07:03:18.096Z - info: Listening on port 8080
2018-04-03T07:03:19.607Z - info: MongoDB connected at mongodb://ds231739.mlab.com:31739/educacionit
2018-04-03T07:03:24.645Z - info: 200 GET / 11ms
2018-04-03T07:03:35.335Z - info: 404 POST /api/v1/alumnos 17ms
2018-04-03T07:04:58.317Z - info: 200 GET / 2ms
2018-04-03T07:05:01.398Z - info: 200 GET /api/v1/alumnos 261ms
2018-04-03T07:06:38.438Z - info: 404 POST /api/v1/alumnos 1ms
2018-04-03T07:07:20.344Z - info: Listening on port 8080
2018-04-03T07:07:22.762Z - info: MongoDB connected at mongodb://ds231739.mlab.com:31739/educacionit
2018-04-03T07:07:33.572Z - info: 200 POST /api/v1/alumnos 257ms
2018-04-03T07:07:37.713Z - info: 200 GET /api/v1/alumnos 190ms
2018-04-03T07:08:42.834Z - info: 200 GET /api/v1/alumnos 169ms
2018-04-03T07:08:44.532Z - info: 200 GET /api/v1/alumnos 345ms
2018-04-03T07:08:45.349Z - info: 200 GET /api/v1/alumnos 416ms
2018-04-03T07:08:46.168Z - info: 200 GET /api/v1/alumnos 816ms
2018-04-03T07:08:46.168Z - info: 200 GET /api/v1/alumnos 1105ms
2018-04-03T07:08:47.091Z - info: 200 GET /api/v1/alumnos 656ms
2018-04-03T07:08:47.095Z - info: 200 GET /api/v1/alumnos 1541ms
2018-04-03T07:08:47.099Z - info: 200 GET /api/v1/alumnos 1047ms
2018-04-03T07:08:48.258Z - info: 200 GET / 3ms
2018-04-03T07:08:50.675Z - info: 200 GET /api/v1/alumnos 254ms
2018-04-03T07:20:54.130Z - info: Listening on port 8080
2018-04-03T07:20:55.651Z - info: MongoDB connected at mongodb://ds231739.mlab.com:31739/educacionit
2018-04-03T07:21:02.399Z - info: 200 GET / 8ms
2018-04-03T07:22:54.678Z - info: 200 GET / 1ms
2018-04-03T07:23:22.628Z - info: 200 GET / 1ms
2018-04-03T07:23:26.516Z - info: 200 GET /api/v1/alumnos 240ms
2018-04-03T07:24:09.011Z - info: 404 PUT /api/v1/alumnos5ac3215244b2415791c108b8/nombre 16ms
2018-04-03T07:24:19.500Z - info: 200 GET /api/v1/alumnos 191ms
2018-04-03T07:24:42.340Z - info: 200 GET / 1ms
2018-04-03T07:24:44.227Z - info: 200 GET /api/v1/alumnos 199ms
2018-04-03T07:24:58.653Z - error: TypeError: Cannot read property 'findById' of undefined
    at module.exports.express.Router.put (/home/xxx/educacionit/app/api/v1/alumnos/putAlumnos.js:6:45)
    at Layer.handle [as handle_request] (/home/xxx/educacionit/node_modules/express/lib/router/layer.js:95:5)
    at next (/home/xxx/educacionit/node_modules/express/lib/router/route.js:137:13)
    at Route.dispatch (/home/xxx/educacionit/node_modules/express/lib/router/route.js:112:3)
    at Layer.handle [as handle_request] (/home/xxx/educacionit/node_modules/express/lib/router/layer.js:95:5)
    at /home/xxx/educacionit/node_modules/express/lib/router/index.js:281:22
    at param (/home/xxx/educacionit/node_modules/express/lib/router/index.js:354:14)
    at param (/home/xxx/educacionit/node_modules/express/lib/router/index.js:365:14)
    at Function.process_params (/home/xxx/educacionit/node_modules/express/lib/router/index.js:410:3)
    at next (/home/xxx/educacionit/node_modules/express/lib/router/index.js:275:10)
    at Function.handle (/home/xxx/educacionit/node_modules/express/lib/router/index.js:174:3)
    at router (/home/xxx/educacionit/node_modules/express/lib/router/index.js:47:12)
    at Layer.handle [as handle_request] (/home/xxx/educacionit/node_modules/express/lib/router/layer.js:95:5)
    at trim_prefix (/home/xxx/educacionit/node_modules/express/lib/router/index.js:317:13)
    at /home/xxx/educacionit/node_modules/express/lib/router/index.js:284:7
    at Function.process_params (/home/xxx/educacionit/node_modules/express/lib/router/index.js:335:12) TypeError: Cannot read property 'findById' of undefined
    at module.exports.express.Router.put (/home/xxx/educacionit/app/api/v1/alumnos/putAlumnos.js:6:45)
    at Layer.handle [as handle_request] (/home/xxx/educacionit/node_modules/express/lib/router/layer.js:95:5)
    at next (/home/xxx/educacionit/node_modules/express/lib/router/route.js:137:13)
    at Route.dispatch (/home/xxx/educacionit/node_modules/express/lib/router/route.js:112:3)
    at Layer.handle [as handle_request] (/home/xxx/educacionit/node_modules/express/lib/router/layer.js:95:5)
    at /home/xxx/educacionit/node_modules/express/lib/router/index.js:281:22
    at param (/home/xxx/educacionit/node_modules/express/lib/router/index.js:354:14)
    at param (/home/xxx/educacionit/node_modules/express/lib/router/index.js:365:14)
    at Function.process_params (/home/xxx/educacionit/node_modules/express/lib/router/index.js:410:3)
    at next (/home/xxx/educacionit/node_modules/express/lib/router/index.js:275:10)
    at Function.handle (/home/xxx/educacionit/node_modules/express/lib/router/index.js:174:3)
    at router (/home/xxx/educacionit/node_modules/express/lib/router/index.js:47:12)
    at Layer.handle [as handle_request] (/home/xxx/educacionit/node_modules/express/lib/router/layer.js:95:5)
    at trim_prefix (/home/xxx/educacionit/node_modules/express/lib/router/index.js:317:13)
    at /home/xxx/educacionit/node_modules/express/lib/router/index.js:284:7
    at Function.process_params (/home/xxx/educacionit/node_modules/express/lib/router/index.js:335:12)
2018-04-03T07:24:58.654Z - info: 500 PUT /api/v1/alumnos/5ac3215244b2415791c108b8/nombre 4ms
2018-04-03T07:25:27.343Z - info: Listening on port 8080
2018-04-03T07:25:28.770Z - info: MongoDB connected at mongodb://ds231739.mlab.com:31739/educacionit
2018-04-03T07:25:34.002Z - info: 204 PUT /api/v1/alumnos/5ac3215244b2415791c108b8/nombre 296ms
2018-04-03T07:25:37.067Z - info: 200 GET /api/v1/alumnos 284ms
2018-04-03T07:25:38.144Z - info: 200 GET /api/v1/alumnos 178ms
2018-04-03T07:25:38.489Z - info: 200 GET /api/v1/alumnos 172ms
2018-04-03T07:25:39.417Z - info: 200 GET /api/v1/alumnos 991ms
2018-04-03T07:25:40.146Z - info: 200 GET /api/v1/alumnos 777ms
2018-04-03T07:25:40.148Z - info: 200 GET /api/v1/alumnos 1096ms
2018-04-03T07:25:40.149Z - info: 200 GET /api/v1/alumnos 1393ms
2018-04-03T07:25:41.333Z - info: 200 GET /api/v1/alumnos 1519ms
2018-04-03T07:25:41.334Z - info: 200 GET /api/v1/alumnos 1822ms
2018-04-03T07:25:41.335Z - info: 200 GET /api/v1/alumnos 1399ms
2018-04-03T07:25:41.335Z - info: 200 GET /api/v1/alumnos 1096ms
2018-04-03T07:25:42.182Z - info: 200 GET /api/v1/alumnos 1742ms
2018-04-03T07:25:54.577Z - info: 204 PUT /api/v1/alumnos/5ac32345ed3ed9589aaee676/nombre 443ms
2018-04-03T07:25:57.543Z - info: 200 GET /api/v1/alumnos 272ms
2018-04-03T07:25:58.363Z - info: 200 GET /api/v1/alumnos 229ms
2018-04-03T07:25:58.770Z - info: 200 GET /api/v1/alumnos 238ms
2018-04-03T07:25:59.646Z - info: 200 GET /api/v1/alumnos 189ms
2018-04-03T07:27:15.483Z - info: 200 GET / 6ms
2018-04-03T07:27:17.410Z - info: 200 GET /api/v1/alumnos 225ms
2018-04-03T07:27:30.828Z - info: 204 PUT /api/v1/alumnos/5ac3215244b2415791c108b8/nombre 219ms
2018-04-03T07:27:33.079Z - info: 200 GET /api/v1/alumnos 203ms
2018-04-03T07:27:34.091Z - info: 200 GET /api/v1/alumnos 180ms
2018-04-03T07:27:34.415Z - info: 200 GET /api/v1/alumnos 174ms
2018-04-03T07:27:34.612Z - info: 200 GET /api/v1/alumnos 214ms
2018-04-03T07:27:34.914Z - info: 200 GET /api/v1/alumnos 175ms
2018-04-03T07:27:35.114Z - info: 200 GET /api/v1/alumnos 173ms
2018-04-03T07:28:25.859Z - info: Listening on port 8080
2018-04-03T07:28:33.462Z - info: Listening on port 8080
2018-04-03T07:28:34.619Z - info: MongoDB connected at mongodb://ds231739.mlab.com:31739/educacionit
2018-04-03T07:29:18.611Z - info: Listening on port 8080
2018-04-03T07:29:19.678Z - info: MongoDB connected at mongodb://ds231739.mlab.com:31739/educacionit
2018-04-03T07:29:24.079Z - info: 204 PUT /api/v1/alumnos/5ac3215244b2415791c108b8/nombre 589ms
2018-04-03T07:29:26.029Z - info: 200 GET /api/v1/alumnos 224ms
2018-04-03T07:29:57.458Z - info: Listening on port 8080
2018-04-03T07:29:58.892Z - info: MongoDB connected at mongodb://ds231739.mlab.com:31739/educacionit
2018-04-03T07:35:36.113Z - info: Listening on port 8080
2018-04-03T07:35:37.621Z - info: MongoDB connected at mongodb://ds231739.mlab.com:31739/educacionit
2018-04-03T07:35:54.937Z - info: 200 GET /api/v1/alumnos 292ms
2018-04-03T07:35:56.795Z - info: 201 POST /api/v1/alumnos 200ms
2018-04-03T07:36:01.625Z - info: 200 GET /api/v1/alumnos 175ms
